This is pdfTeX, Version 3.141592653-2.6-1.40.24 (TeX Live 2022) (preloaded format=pdflatex 2022.5.24)  24 MAY 2022 19:20
entering extended mode
 restricted \write18 enabled.
 %&-line parsing enabled.
**shilaan.tex
(./shilaan.tex
LaTeX2e <2021-11-15> patch level 1
L3 programming layer <2022-05-04> (/Users/shilaan/Library/TinyTeX/texmf-dist/tex/latex/base/article.cls
Document Class: article 2021/10/04 v1.4n Standard LaTeX document class
(/Users/shilaan/Library/TinyTeX/texmf-dist/tex/latex/base/size11.clo
File: size11.clo 2021/10/04 v1.4n Standard LaTeX file (size option)
)
\c@part=\count185
\c@section=\count186
\c@subsection=\count187
\c@subsubsection=\count188
\c@paragraph=\count189
\c@subparagraph=\count190
\c@figure=\count191
\c@table=\count192
\abovecaptionskip=\skip47
\belowcaptionskip=\skip48
\bibindent=\dimen138
) (/Users/shilaan/Library/TinyTeX/texmf-dist/tex/latex/psnfss/mathpazo.sty
Package: mathpazo 2020/03/25 PSNFSS-v9.3 Palatino w/ Pazo Math (D.Puga, WaS) 
\symupright=\mathgroup4
) (/Users/shilaan/Library/TinyTeX/texmf-dist/tex/latex/amsfonts/amssymb.sty
Package: amssymb 2013/01/14 v3.01 AMS font symbols
(/Users/shilaan/Library/TinyTeX/texmf-dist/tex/latex/amsfonts/amsfonts.sty
Package: amsfonts 2013/01/14 v3.01 Basic AMSFonts support
\@emptytoks=\toks16
\symAMSa=\mathgroup5
\symAMSb=\mathgroup6
LaTeX Font Info:    Redeclaring math symbol \hbar on input line 98.
LaTeX Font Info:    Overwriting math alphabet `\mathfrak' in version `bold'
(Font)                  U/euf/m/n --> U/euf/b/n on input line 106.
)) (/Users/shilaan/Library/TinyTeX/texmf-dist/tex/latex/amsmath/amsmath.sty
Package: amsmath 2021/10/15 v2.17l AMS math features
\@mathmargin=\skip49
For additional information on amsmath, use the `?' option.
(/Users/shilaan/Library/TinyTeX/texmf-dist/tex/latex/amsmath/amstext.sty
Package: amstext 2021/08/26 v2.01 AMS text
(/Users/shilaan/Library/TinyTeX/texmf-dist/tex/latex/amsmath/amsgen.sty
File: amsgen.sty 1999/11/30 v2.0 generic functions
\@emptytoks=\toks17
\ex@=\dimen139
)) (/Users/shilaan/Library/TinyTeX/texmf-dist/tex/latex/amsmath/amsbsy.sty
Package: amsbsy 1999/11/29 v1.2d Bold Symbols
\pmbraise@=\dimen140
) (/Users/shilaan/Library/TinyTeX/texmf-dist/tex/latex/amsmath/amsopn.sty
Package: amsopn 2021/08/26 v2.02 operator names
)
\inf@bad=\count193
LaTeX Info: Redefining \frac on input line 234.
\uproot@=\count194
\leftroot@=\count195
LaTeX Info: Redefining \overline on input line 399.
\classnum@=\count196
\DOTSCASE@=\count197
LaTeX Info: Redefining \ldots on input line 496.
LaTeX Info: Redefining \dots on input line 499.
LaTeX Info: Redefining \cdots on input line 620.
\Mathstrutbox@=\box50
\strutbox@=\box51
\big@size=\dimen141
LaTeX Font Info:    Redeclaring font encoding OML on input line 743.
LaTeX Font Info:    Redeclaring font encoding OMS on input line 744.
\macc@depth=\count198
\c@MaxMatrixCols=\count199
\dotsspace@=\muskip16
\c@parentequation=\count266
\dspbrk@lvl=\count267
\tag@help=\toks18
\row@=\count268
\column@=\count269
\maxfields@=\count270
\andhelp@=\toks19
\eqnshift@=\dimen142
\alignsep@=\dimen143
\tagshift@=\dimen144
\tagwidth@=\dimen145
\totwidth@=\dimen146
\lineht@=\dimen147
\@envbody=\toks20
\multlinegap=\skip50
\multlinetaggap=\skip51
\mathdisplay@stack=\toks21
LaTeX Info: Redefining \[ on input line 2938.
LaTeX Info: Redefining \] on input line 2939.
) (/Users/shilaan/Library/TinyTeX/texmf-dist/tex/generic/iftex/ifxetex.sty
Package: ifxetex 2019/10/25 v0.7 ifxetex legacy package. Use iftex instead.
(/Users/shilaan/Library/TinyTeX/texmf-dist/tex/generic/iftex/iftex.sty
Package: iftex 2022/02/03 v1.0f TeX engine tests
)) (/Users/shilaan/Library/TinyTeX/texmf-dist/tex/generic/iftex/ifluatex.sty
Package: ifluatex 2019/10/25 v1.5 ifluatex legacy package. Use iftex instead.
) (/Users/shilaan/Library/TinyTeX/texmf-dist/tex/latex/base/fixltx2e.sty
Package: fixltx2e 2016/12/29 v2.1a fixes to LaTeX (obsolete)
Applying: [2015/01/01] Old fixltx2e package on input line 46.

Package fixltx2e Warning: fixltx2e is not required with releases after 2015
(fixltx2e)                All fixes are now in the LaTeX kernel.
(fixltx2e)                See the latexrelease package for details.

Already applied: [0000/00/00] Old fixltx2e package on input line 53.
) (/Users/shilaan/Library/TinyTeX/texmf-dist/tex/latex/base/fontenc.sty
Package: fontenc 2021/04/29 v2.0v Standard LaTeX package
LaTeX Font Info:    Trying to load font information for T1+pplj on input line 112.
(/Users/shilaan/Library/TinyTeX/texmf-dist/tex/latex/psnfss/t1pplj.fd
File: t1pplj.fd 2004/09/06 font definitions for T1/pplj.
)) (/Users/shilaan/Library/TinyTeX/texmf-dist/tex/latex/base/inputenc.sty
Package: inputenc 2021/02/14 v1.3d Input encoding file
\inpenc@prehook=\toks22
\inpenc@posthook=\toks23
) (/Users/shilaan/Library/TinyTeX/texmf-dist/tex/latex/geometry/geometry.sty
Package: geometry 2020/01/02 v5.9 Page Geometry
(/Users/shilaan/Library/TinyTeX/texmf-dist/tex/latex/graphics/keyval.sty
Package: keyval 2014/10/28 v1.15 key=value parser (DPC)
\KV@toks@=\toks24
) (/Users/shilaan/Library/TinyTeX/texmf-dist/tex/generic/iftex/ifvtex.sty
Package: ifvtex 2019/10/25 v1.7 ifvtex legacy package. Use iftex instead.
)
\Gm@cnth=\count271
\Gm@cntv=\count272
\c@Gm@tempcnt=\count273
\Gm@bindingoffset=\dimen148
\Gm@wd@mp=\dimen149
\Gm@odd@mp=\dimen150
\Gm@even@mp=\dimen151
\Gm@layoutwidth=\dimen152
\Gm@layoutheight=\dimen153
\Gm@layouthoffset=\dimen154
\Gm@layoutvoffset=\dimen155
\Gm@dimlist=\toks25
) (/Users/shilaan/Library/TinyTeX/texmf-dist/tex/latex/graphics/graphicx.sty
Package: graphicx 2021/09/16 v1.2d Enhanced LaTeX Graphics (DPC,SPQR)
(/Users/shilaan/Library/TinyTeX/texmf-dist/tex/latex/graphics/graphics.sty
Package: graphics 2021/03/04 v1.4d Standard LaTeX Graphics (DPC,SPQR)
(/Users/shilaan/Library/TinyTeX/texmf-dist/tex/latex/graphics/trig.sty
Package: trig 2021/08/11 v1.11 sin cos tan (DPC)
) (/Users/shilaan/Library/TinyTeX/texmf-dist/tex/latex/graphics-cfg/graphics.cfg
File: graphics.cfg 2016/06/04 v1.11 sample graphics configuration
)
Package graphics Info: Driver file: pdftex.def on input line 107.
(/Users/shilaan/Library/TinyTeX/texmf-dist/tex/latex/graphics-def/pdftex.def
File: pdftex.def 2020/10/05 v1.2a Graphics/color driver for pdftex
))
\Gin@req@height=\dimen156
\Gin@req@width=\dimen157
) (/Users/shilaan/Library/TinyTeX/texmf-dist/tex/latex/grffile/grffile.sty
Package: grffile 2019/11/11 v2.1 Extended file name support for graphics (legacy)
Package grffile Info: This package is an empty stub for compatibility on input line 40.
) (/Users/shilaan/Library/TinyTeX/texmf-dist/tex/latex/sectsty/sectsty.sty
Package: sectsty 2002/02/25 v2.0.2 Commands to change all sectional heading styles

LaTeX Warning: Command \underbar  has changed.
               Check if current package is valid.


LaTeX Warning: Command \underline  has changed.
               Check if current package is valid.

) (/Users/shilaan/Library/TinyTeX/texmf-dist/tex/latex/parskip/parskip.sty
Package: parskip 2021-03-14 v2.0h non-zero parskip adjustments
(/Users/shilaan/Library/TinyTeX/texmf-dist/tex/latex/kvoptions/kvoptions.sty
Package: kvoptions 2020-10-07 v3.14 Key value format for package options (HO)
(/Users/shilaan/Library/TinyTeX/texmf-dist/tex/generic/ltxcmds/ltxcmds.sty
Package: ltxcmds 2020-05-10 v1.25 LaTeX kernel commands for general use (HO)
) (/Users/shilaan/Library/TinyTeX/texmf-dist/tex/generic/kvsetkeys/kvsetkeys.sty
Package: kvsetkeys 2019/12/15 v1.18 Key value parser (HO)
)) (/Users/shilaan/Library/TinyTeX/texmf-dist/tex/latex/etoolbox/etoolbox.sty
Package: etoolbox 2020/10/05 v2.5k e-TeX tools for LaTeX (JAW)
\etb@tempcnta=\count274
)) (/Users/shilaan/Library/TinyTeX/texmf-dist/tex/latex/titlesec/titlesec.sty
Package: titlesec 2021/07/05 v2.14 Sectioning titles
\ttl@box=\box52
\beforetitleunit=\skip52
\aftertitleunit=\skip53
\ttl@plus=\dimen158
\ttl@minus=\dimen159
\ttl@toksa=\toks26
\titlewidth=\dimen160
\titlewidthlast=\dimen161
\titlewidthfirst=\dimen162
) (/Users/shilaan/Library/TinyTeX/texmf-dist/tex/latex/fontawesome/fontawesome.sty
Package: fontawesome 2016/05/15 v4.6.3.1 font awesome icons
(/Users/shilaan/Library/TinyTeX/texmf-dist/tex/latex/fontawesome/fontawesomesymbols-generic.tex) (/Users/shilaan/Library/TinyTeX/texmf-dist/tex/latex/fontawesome/fontawesomesymbols-pdftex.tex)) (/Users/shilaan/Library/TinyTeX/texmf-dist/tex/latex/fancyhdr/fancyhdr.sty
Package: fancyhdr 2022/05/18 v4.0.3 Extensive control of page headers and footers
\f@nch@headwidth=\skip54
\f@nch@O@elh=\skip55
\f@nch@O@erh=\skip56
\f@nch@O@olh=\skip57
\f@nch@O@orh=\skip58
\f@nch@O@elf=\skip59
\f@nch@O@erf=\skip60
\f@nch@O@olf=\skip61
\f@nch@O@orf=\skip62
) (/Users/shilaan/Library/TinyTeX/texmf-dist/tex/latex/lastpage/lastpage.sty
Package: lastpage 2021/09/03 v1.2n Refers to last page's name (HMM; JPG)
) (/Users/shilaan/Library/TinyTeX/texmf-dist/tex/latex/hyperref/hyperref.sty
Package: hyperref 2022-05-17 v7.00q Hypertext links for LaTeX
(/Users/shilaan/Library/TinyTeX/texmf-dist/tex/generic/pdftexcmds/pdftexcmds.sty
Package: pdftexcmds 2020-06-27 v0.33 Utility functions of pdfTeX for LuaTeX (HO)
(/Users/shilaan/Library/TinyTeX/texmf-dist/tex/generic/infwarerr/infwarerr.sty
Package: infwarerr 2019/12/03 v1.5 Providing info/warning/error messages (HO)
)
Package pdftexcmds Info: \pdf@primitive is available.
Package pdftexcmds Info: \pdf@ifprimitive is available.
Package pdftexcmds Info: \pdfdraftmode found.
) (/Users/shilaan/Library/TinyTeX/texmf-dist/tex/generic/kvdefinekeys/kvdefinekeys.sty
Package: kvdefinekeys 2019-12-19 v1.6 Define keys (HO)
) (/Users/shilaan/Library/TinyTeX/texmf-dist/tex/generic/pdfescape/pdfescape.sty
Package: pdfescape 2019/12/09 v1.15 Implements pdfTeX's escape features (HO)
) (/Users/shilaan/Library/TinyTeX/texmf-dist/tex/latex/hycolor/hycolor.sty
Package: hycolor 2020-01-27 v1.10 Color options for hyperref/bookmark (HO)
) (/Users/shilaan/Library/TinyTeX/texmf-dist/tex/latex/letltxmacro/letltxmacro.sty
Package: letltxmacro 2019/12/03 v1.6 Let assignment for LaTeX macros (HO)
) (/Users/shilaan/Library/TinyTeX/texmf-dist/tex/latex/auxhook/auxhook.sty
Package: auxhook 2019-12-17 v1.6 Hooks for auxiliary files (HO)
) (/Users/shilaan/Library/TinyTeX/texmf-dist/tex/latex/hyperref/nameref.sty
Package: nameref 2022-05-17 v2.50 Cross-referencing by name of section
(/Users/shilaan/Library/TinyTeX/texmf-dist/tex/latex/refcount/refcount.sty
Package: refcount 2019/12/15 v3.6 Data extraction from label references (HO)
) (/Users/shilaan/Library/TinyTeX/texmf-dist/tex/generic/gettitlestring/gettitlestring.sty
Package: gettitlestring 2019/12/15 v1.6 Cleanup title references (HO)
)
\c@section@level=\count275
)
\@linkdim=\dimen163
\Hy@linkcounter=\count276
\Hy@pagecounter=\count277
(/Users/shilaan/Library/TinyTeX/texmf-dist/tex/latex/hyperref/pd1enc.def
File: pd1enc.def 2022-05-17 v7.00q Hyperref: PDFDocEncoding definition (HO)
Now handling font encoding PD1 ...
... no UTF-8 mapping file for font encoding PD1
) (/Users/shilaan/Library/TinyTeX/texmf-dist/tex/generic/intcalc/intcalc.sty
Package: intcalc 2019/12/15 v1.3 Expandable calculations with integers (HO)
) (/Users/shilaan/Library/TinyTeX/texmf-dist/tex/generic/etexcmds/etexcmds.sty
Package: etexcmds 2019/12/15 v1.7 Avoid name clashes with e-TeX commands (HO)
)
\Hy@SavedSpaceFactor=\count278
(/Users/shilaan/Library/TinyTeX/texmf-dist/tex/latex/hyperref/puenc.def
File: puenc.def 2022-05-17 v7.00q Hyperref: PDF Unicode definition (HO)
Now handling font encoding PU ...
... no UTF-8 mapping file for font encoding PU
)
Package hyperref Info: Hyper figures OFF on input line 4139.
Package hyperref Info: Link nesting OFF on input line 4144.
Package hyperref Info: Hyper index ON on input line 4147.
Package hyperref Info: Plain pages OFF on input line 4154.
Package hyperref Info: Backreferencing OFF on input line 4159.
Package hyperref Info: Implicit mode ON; LaTeX internals redefined.
Package hyperref Info: Bookmarks ON on input line 4385.
\c@Hy@tempcnt=\count279
(/Users/shilaan/Library/TinyTeX/texmf-dist/tex/latex/url/url.sty
\Urlmuskip=\muskip17
Package: url 2013/09/16  ver 3.4  Verb mode for urls, etc.
)
LaTeX Info: Redefining \url on input line 4723.
\XeTeXLinkMargin=\dimen164
(/Users/shilaan/Library/TinyTeX/texmf-dist/tex/generic/bitset/bitset.sty
Package: bitset 2019/12/09 v1.3 Handle bit-vector datatype (HO)
(/Users/shilaan/Library/TinyTeX/texmf-dist/tex/generic/bigintcalc/bigintcalc.sty
Package: bigintcalc 2019/12/15 v1.5 Expandable calculations on big integers (HO)
))
\Fld@menulength=\count280
\Field@Width=\dimen165
\Fld@charsize=\dimen166
Package hyperref Info: Hyper figures OFF on input line 6001.
Package hyperref Info: Link nesting OFF on input line 6006.
Package hyperref Info: Hyper index ON on input line 6009.
Package hyperref Info: backreferencing OFF on input line 6016.
Package hyperref Info: Link coloring OFF on input line 6021.
Package hyperref Info: Link coloring with OCG OFF on input line 6026.
Package hyperref Info: PDF/A mode OFF on input line 6031.
LaTeX Info: Redefining \ref on input line 6078.
LaTeX Info: Redefining \pageref on input line 6078.
(/Users/shilaan/Library/TinyTeX/texmf-dist/tex/latex/base/atbegshi-ltx.sty
Package: atbegshi-ltx 2021/01/10 v1.0c Emulation of the original atbegshi
package with kernel methods
)
\Hy@abspage=\count281
\c@Item=\count282
\c@Hfootnote=\count283
)
Package hyperref Info: Driver (autodetected): hpdftex.
(/Users/shilaan/Library/TinyTeX/texmf-dist/tex/latex/hyperref/hpdftex.def
File: hpdftex.def 2022-05-17 v7.00q Hyperref driver for pdfTeX
(/Users/shilaan/Library/TinyTeX/texmf-dist/tex/latex/base/atveryend-ltx.sty
Package: atveryend-ltx 2020/08/19 v1.0a Emulation of the original atveryend package
with kernel methods
)
\Fld@listcount=\count284
\c@bookmark@seq@number=\count285
(/Users/shilaan/Library/TinyTeX/texmf-dist/tex/latex/rerunfilecheck/rerunfilecheck.sty
Package: rerunfilecheck 2019/12/05 v1.9 Rerun checks for auxiliary files (HO)
(/Users/shilaan/Library/TinyTeX/texmf-dist/tex/generic/uniquecounter/uniquecounter.sty
Package: uniquecounter 2019/12/15 v1.4 Provide unlimited unique counter (HO)
)
Package uniquecounter Info: New unique counter `rerunfilecheck' on input line 286.
)
\Hy@SectionHShift=\skip63
)
Package hyperref Info: Option `unicode' set `true' on input line 106.
Package hyperref Info: Option `colorlinks' set `true' on input line 106.
Package hyperref Info: Option `breaklinks' set `true' on input line 106.

Package hyperref Warning: Option `bookmarks' has already been used,
(hyperref)                setting the option has no effect on input line 106.

(/Users/shilaan/Library/TinyTeX/texmf-dist/tex/latex/datetime/datetime.sty
Package: datetime 2015/03/20 v2.60 Date Time Package
(/Users/shilaan/Library/TinyTeX/texmf-dist/tex/latex/fmtcount/fmtcount.sty
Package: fmtcount 2020/01/30 v3.07
(/Users/shilaan/Library/TinyTeX/texmf-dist/tex/latex/base/ifthen.sty
Package: ifthen 2020/11/24 v1.1c Standard LaTeX ifthen package (DPC)
) (/Users/shilaan/Library/TinyTeX/texmf-dist/tex/latex/xkeyval/xkeyval.sty
Package: xkeyval 2020/11/20 v2.8 package option processing (HA)
(/Users/shilaan/Library/TinyTeX/texmf-dist/tex/generic/xkeyval/xkeyval.tex (/Users/shilaan/Library/TinyTeX/texmf-dist/tex/generic/xkeyval/xkvutils.tex
\XKV@toks=\toks27
\XKV@tempa@toks=\toks28
)
\XKV@depth=\count286
File: xkeyval.tex 2014/12/03 v2.7a key=value parser (HA)
)) (/Users/shilaan/Library/TinyTeX/texmf-dist/tex/latex/fmtcount/fcprefix.sty
Package: fcprefix 2012/09/28
(/Users/shilaan/Library/TinyTeX/texmf-dist/tex/latex/fmtcount/fcnumparser.sty
Package: fcnumparser 2017/06/15
\fc@digit@counter=\count287
))
\c@padzeroesN=\count288
\fc@tmpcatcode=\count289
\@DT@modctr=\count290
\@ordinalctr=\count291
\@orgargctr=\count292
\@strctr=\count293
\@tmpstrctr=\count294
\@DT@loopN=\count295
\@DT@X=\count296
) (/Users/shilaan/Library/TinyTeX/texmf-dist/tex/latex/datetime/datetime-defaults.sty
Package: datetime-defaults 2013/09/10
)
\@day=\count297
\@month=\count298
\@year=\count299
\c@HOUR=\count300
\c@HOURXII=\count301
\c@MINUTE=\count302
\c@TOHOUR=\count303
\c@TOMINUTE=\count304
\c@SECOND=\count305
\currenthour=\count306
\currentminute=\count307
\currentsecond=\count308
Package datetime Info: No datetime.cfg file found, using default settings on input line 308.
\@dtctr=\count309
\dayofyear=\count310
\dayofweek=\count311
LaTeX Info: Redefining \today on input line 736.
\dt@a=\toks29
\dt@b=\toks30
) (/Users/shilaan/Library/TinyTeX/texmf-dist/tex/latex/orcidlink/orcidlink.sty
Package: orcidlink 2021/06/11 v1.0.4 Linked ORCiD logo macro package
(/Users/shilaan/Library/TinyTeX/texmf-dist/tex/latex/pgf/frontendlayer/tikz.sty (/Users/shilaan/Library/TinyTeX/texmf-dist/tex/latex/pgf/basiclayer/pgf.sty (/Users/shilaan/Library/TinyTeX/texmf-dist/tex/latex/pgf/utilities/pgfrcs.sty (/Users/shilaan/Library/TinyTeX/texmf-dist/tex/generic/pgf/utilities/pgfutil-common.tex
\pgfutil@everybye=\toks31
\pgfutil@tempdima=\dimen167
\pgfutil@tempdimb=\dimen168
(/Users/shilaan/Library/TinyTeX/texmf-dist/tex/generic/pgf/utilities/pgfutil-common-lists.tex)) (/Users/shilaan/Library/TinyTeX/texmf-dist/tex/generic/pgf/utilities/pgfutil-latex.def
\pgfutil@abb=\box53
) (/Users/shilaan/Library/TinyTeX/texmf-dist/tex/generic/pgf/utilities/pgfrcs.code.tex (/Users/shilaan/Library/TinyTeX/texmf-dist/tex/generic/pgf/pgf.revision.tex)
Package: pgfrcs 2021/05/15 v3.1.9a (3.1.9a)
))
Package: pgf 2021/05/15 v3.1.9a (3.1.9a)
(/Users/shilaan/Library/TinyTeX/texmf-dist/tex/latex/pgf/basiclayer/pgfcore.sty (/Users/shilaan/Library/TinyTeX/texmf-dist/tex/latex/pgf/systemlayer/pgfsys.sty (/Users/shilaan/Library/TinyTeX/texmf-dist/tex/generic/pgf/systemlayer/pgfsys.code.tex
Package: pgfsys 2021/05/15 v3.1.9a (3.1.9a)
(/Users/shilaan/Library/TinyTeX/texmf-dist/tex/generic/pgf/utilities/pgfkeys.code.tex
\pgfkeys@pathtoks=\toks32
\pgfkeys@temptoks=\toks33
(/Users/shilaan/Library/TinyTeX/texmf-dist/tex/generic/pgf/utilities/pgfkeysfiltered.code.tex
\pgfkeys@tmptoks=\toks34
))
\pgf@x=\dimen169
\pgf@y=\dimen170
\pgf@xa=\dimen171
\pgf@ya=\dimen172
\pgf@xb=\dimen173
\pgf@yb=\dimen174
\pgf@xc=\dimen175
\pgf@yc=\dimen176
\pgf@xd=\dimen177
\pgf@yd=\dimen178
\w@pgf@writea=\write3
\r@pgf@reada=\read2
\c@pgf@counta=\count312
\c@pgf@countb=\count313
\c@pgf@countc=\count314
\c@pgf@countd=\count315
\t@pgf@toka=\toks35
\t@pgf@tokb=\toks36
\t@pgf@tokc=\toks37
\pgf@sys@id@count=\count316
(/Users/shilaan/Library/TinyTeX/texmf-dist/tex/generic/pgf/systemlayer/pgf.cfg
File: pgf.cfg 2021/05/15 v3.1.9a (3.1.9a)
)
Driver file for pgf: pgfsys-pdftex.def
(/Users/shilaan/Library/TinyTeX/texmf-dist/tex/generic/pgf/systemlayer/pgfsys-pdftex.def
File: pgfsys-pdftex.def 2021/05/15 v3.1.9a (3.1.9a)
(/Users/shilaan/Library/TinyTeX/texmf-dist/tex/generic/pgf/systemlayer/pgfsys-common-pdf.def
File: pgfsys-common-pdf.def 2021/05/15 v3.1.9a (3.1.9a)
))) (/Users/shilaan/Library/TinyTeX/texmf-dist/tex/generic/pgf/systemlayer/pgfsyssoftpath.code.tex
File: pgfsyssoftpath.code.tex 2021/05/15 v3.1.9a (3.1.9a)
\pgfsyssoftpath@smallbuffer@items=\count317
\pgfsyssoftpath@bigbuffer@items=\count318
) (/Users/shilaan/Library/TinyTeX/texmf-dist/tex/generic/pgf/systemlayer/pgfsysprotocol.code.tex
File: pgfsysprotocol.code.tex 2021/05/15 v3.1.9a (3.1.9a)
)) (/Users/shilaan/Library/TinyTeX/texmf-dist/tex/latex/xcolor/xcolor.sty
Package: xcolor 2021/10/31 v2.13 LaTeX color extensions (UK)
(/Users/shilaan/Library/TinyTeX/texmf-dist/tex/latex/graphics-cfg/color.cfg
File: color.cfg 2016/01/02 v1.6 sample color configuration
)
Package xcolor Info: Driver file: pdftex.def on input line 227.
Package xcolor Info: Model `cmy' substituted by `cmy0' on input line 1352.
Package xcolor Info: Model `hsb' substituted by `rgb' on input line 1356.
Package xcolor Info: Model `RGB' extended on input line 1368.
Package xcolor Info: Model `HTML' substituted by `rgb' on input line 1370.
Package xcolor Info: Model `Hsb' substituted by `hsb' on input line 1371.
Package xcolor Info: Model `tHsb' substituted by `hsb' on input line 1372.
Package xcolor Info: Model `HSB' substituted by `hsb' on input line 1373.
Package xcolor Info: Model `Gray' substituted by `gray' on input line 1374.
Package xcolor Info: Model `wave' substituted by `hsb' on input line 1375.
) (/Users/shilaan/Library/TinyTeX/texmf-dist/tex/generic/pgf/basiclayer/pgfcore.code.tex
Package: pgfcore 2021/05/15 v3.1.9a (3.1.9a)
(/Users/shilaan/Library/TinyTeX/texmf-dist/tex/generic/pgf/math/pgfmath.code.tex (/Users/shilaan/Library/TinyTeX/texmf-dist/tex/generic/pgf/math/pgfmathcalc.code.tex (/Users/shilaan/Library/TinyTeX/texmf-dist/tex/generic/pgf/math/pgfmathutil.code.tex) (/Users/shilaan/Library/TinyTeX/texmf-dist/tex/generic/pgf/math/pgfmathparser.code.tex
\pgfmath@dimen=\dimen179
\pgfmath@count=\count319
\pgfmath@box=\box54
\pgfmath@toks=\toks38
\pgfmath@stack@operand=\toks39
\pgfmath@stack@operation=\toks40
) (/Users/shilaan/Library/TinyTeX/texmf-dist/tex/generic/pgf/math/pgfmathfunctions.code.tex (/Users/shilaan/Library/TinyTeX/texmf-dist/tex/generic/pgf/math/pgfmathfunctions.basic.code.tex) (/Users/shilaan/Library/TinyTeX/texmf-dist/tex/generic/pgf/math/pgfmathfunctions.trigonometric.code.tex) (/Users/shilaan/Library/TinyTeX/texmf-dist/tex/generic/pgf/math/pgfmathfunctions.random.code.tex) (/Users/shilaan/Library/TinyTeX/texmf-dist/tex/generic/pgf/math/pgfmathfunctions.comparison.code.tex) (/Users/shilaan/Library/TinyTeX/texmf-dist/tex/generic/pgf/math/pgfmathfunctions.base.code.tex) (/Users/shilaan/Library/TinyTeX/texmf-dist/tex/generic/pgf/math/pgfmathfunctions.round.code.tex) (/Users/shilaan/Library/TinyTeX/texmf-dist/tex/generic/pgf/math/pgfmathfunctions.misc.code.tex) (/Users/shilaan/Library/TinyTeX/texmf-dist/tex/generic/pgf/math/pgfmathfunctions.integerarithmetics.code.tex))) (/Users/shilaan/Library/TinyTeX/texmf-dist/tex/generic/pgf/math/pgfmathfloat.code.tex
\c@pgfmathroundto@lastzeros=\count320
)) (/Users/shilaan/Library/TinyTeX/texmf-dist/tex/generic/pgf/math/pgfint.code.tex) (/Users/shilaan/Library/TinyTeX/texmf-dist/tex/generic/pgf/basiclayer/pgfcorepoints.code.tex
File: pgfcorepoints.code.tex 2021/05/15 v3.1.9a (3.1.9a)
\pgf@picminx=\dimen180
\pgf@picmaxx=\dimen181
\pgf@picminy=\dimen182
\pgf@picmaxy=\dimen183
\pgf@pathminx=\dimen184
\pgf@pathmaxx=\dimen185
\pgf@pathminy=\dimen186
\pgf@pathmaxy=\dimen187
\pgf@xx=\dimen188
\pgf@xy=\dimen189
\pgf@yx=\dimen190
\pgf@yy=\dimen191
\pgf@zx=\dimen192
\pgf@zy=\dimen193
) (/Users/shilaan/Library/TinyTeX/texmf-dist/tex/generic/pgf/basiclayer/pgfcorepathconstruct.code.tex
File: pgfcorepathconstruct.code.tex 2021/05/15 v3.1.9a (3.1.9a)
\pgf@path@lastx=\dimen194
\pgf@path@lasty=\dimen195
) (/Users/shilaan/Library/TinyTeX/texmf-dist/tex/generic/pgf/basiclayer/pgfcorepathusage.code.tex
File: pgfcorepathusage.code.tex 2021/05/15 v3.1.9a (3.1.9a)
\pgf@shorten@end@additional=\dimen196
\pgf@shorten@start@additional=\dimen197
) (/Users/shilaan/Library/TinyTeX/texmf-dist/tex/generic/pgf/basiclayer/pgfcorescopes.code.tex
File: pgfcorescopes.code.tex 2021/05/15 v3.1.9a (3.1.9a)
\pgfpic=\box55
\pgf@hbox=\box56
\pgf@layerbox@main=\box57
\pgf@picture@serial@count=\count321
) (/Users/shilaan/Library/TinyTeX/texmf-dist/tex/generic/pgf/basiclayer/pgfcoregraphicstate.code.tex
File: pgfcoregraphicstate.code.tex 2021/05/15 v3.1.9a (3.1.9a)
\pgflinewidth=\dimen198
) (/Users/shilaan/Library/TinyTeX/texmf-dist/tex/generic/pgf/basiclayer/pgfcoretransformations.code.tex
File: pgfcoretransformations.code.tex 2021/05/15 v3.1.9a (3.1.9a)
\pgf@pt@x=\dimen199
\pgf@pt@y=\dimen256
\pgf@pt@temp=\dimen257
) (/Users/shilaan/Library/TinyTeX/texmf-dist/tex/generic/pgf/basiclayer/pgfcorequick.code.tex
File: pgfcorequick.code.tex 2021/05/15 v3.1.9a (3.1.9a)
) (/Users/shilaan/Library/TinyTeX/texmf-dist/tex/generic/pgf/basiclayer/pgfcoreobjects.code.tex
File: pgfcoreobjects.code.tex 2021/05/15 v3.1.9a (3.1.9a)
) (/Users/shilaan/Library/TinyTeX/texmf-dist/tex/generic/pgf/basiclayer/pgfcorepathprocessing.code.tex
File: pgfcorepathprocessing.code.tex 2021/05/15 v3.1.9a (3.1.9a)
) (/Users/shilaan/Library/TinyTeX/texmf-dist/tex/generic/pgf/basiclayer/pgfcorearrows.code.tex
File: pgfcorearrows.code.tex 2021/05/15 v3.1.9a (3.1.9a)
\pgfarrowsep=\dimen258
) (/Users/shilaan/Library/TinyTeX/texmf-dist/tex/generic/pgf/basiclayer/pgfcoreshade.code.tex
File: pgfcoreshade.code.tex 2021/05/15 v3.1.9a (3.1.9a)
\pgf@max=\dimen259
\pgf@sys@shading@range@num=\count322
\pgf@shadingcount=\count323
) (/Users/shilaan/Library/TinyTeX/texmf-dist/tex/generic/pgf/basiclayer/pgfcoreimage.code.tex
File: pgfcoreimage.code.tex 2021/05/15 v3.1.9a (3.1.9a)
(/Users/shilaan/Library/TinyTeX/texmf-dist/tex/generic/pgf/basiclayer/pgfcoreexternal.code.tex
File: pgfcoreexternal.code.tex 2021/05/15 v3.1.9a (3.1.9a)
\pgfexternal@startupbox=\box58
)) (/Users/shilaan/Library/TinyTeX/texmf-dist/tex/generic/pgf/basiclayer/pgfcorelayers.code.tex
File: pgfcorelayers.code.tex 2021/05/15 v3.1.9a (3.1.9a)
) (/Users/shilaan/Library/TinyTeX/texmf-dist/tex/generic/pgf/basiclayer/pgfcoretransparency.code.tex
File: pgfcoretransparency.code.tex 2021/05/15 v3.1.9a (3.1.9a)
) (/Users/shilaan/Library/TinyTeX/texmf-dist/tex/generic/pgf/basiclayer/pgfcorepatterns.code.tex
File: pgfcorepatterns.code.tex 2021/05/15 v3.1.9a (3.1.9a)
) (/Users/shilaan/Library/TinyTeX/texmf-dist/tex/generic/pgf/basiclayer/pgfcorerdf.code.tex
File: pgfcorerdf.code.tex 2021/05/15 v3.1.9a (3.1.9a)
))) (/Users/shilaan/Library/TinyTeX/texmf-dist/tex/generic/pgf/modules/pgfmoduleshapes.code.tex
File: pgfmoduleshapes.code.tex 2021/05/15 v3.1.9a (3.1.9a)
\pgfnodeparttextbox=\box59
) (/Users/shilaan/Library/TinyTeX/texmf-dist/tex/generic/pgf/modules/pgfmoduleplot.code.tex
File: pgfmoduleplot.code.tex 2021/05/15 v3.1.9a (3.1.9a)
) (/Users/shilaan/Library/TinyTeX/texmf-dist/tex/latex/pgf/compatibility/pgfcomp-version-0-65.sty
Package: pgfcomp-version-0-65 2021/05/15 v3.1.9a (3.1.9a)
\pgf@nodesepstart=\dimen260
\pgf@nodesepend=\dimen261
) (/Users/shilaan/Library/TinyTeX/texmf-dist/tex/latex/pgf/compatibility/pgfcomp-version-1-18.sty
Package: pgfcomp-version-1-18 2021/05/15 v3.1.9a (3.1.9a)
)) (/Users/shilaan/Library/TinyTeX/texmf-dist/tex/latex/pgf/utilities/pgffor.sty (/Users/shilaan/Library/TinyTeX/texmf-dist/tex/latex/pgf/utilities/pgfkeys.sty (/Users/shilaan/Library/TinyTeX/texmf-dist/tex/generic/pgf/utilities/pgfkeys.code.tex)) (/Users/shilaan/Library/TinyTeX/texmf-dist/tex/latex/pgf/math/pgfmath.sty (/Users/shilaan/Library/TinyTeX/texmf-dist/tex/generic/pgf/math/pgfmath.code.tex)) (/Users/shilaan/Library/TinyTeX/texmf-dist/tex/generic/pgf/utilities/pgffor.code.tex
Package: pgffor 2021/05/15 v3.1.9a (3.1.9a)
(/Users/shilaan/Library/TinyTeX/texmf-dist/tex/generic/pgf/math/pgfmath.code.tex)
\pgffor@iter=\dimen262
\pgffor@skip=\dimen263
\pgffor@stack=\toks41
\pgffor@toks=\toks42
)) (/Users/shilaan/Library/TinyTeX/texmf-dist/tex/generic/pgf/frontendlayer/tikz/tikz.code.tex
Package: tikz 2021/05/15 v3.1.9a (3.1.9a)
(/Users/shilaan/Library/TinyTeX/texmf-dist/tex/generic/pgf/libraries/pgflibraryplothandlers.code.tex
File: pgflibraryplothandlers.code.tex 2021/05/15 v3.1.9a (3.1.9a)
\pgf@plot@mark@count=\count324
\pgfplotmarksize=\dimen264
)
\tikz@lastx=\dimen265
\tikz@lasty=\dimen266
\tikz@lastxsaved=\dimen267
\tikz@lastysaved=\dimen268
\tikz@lastmovetox=\dimen269
\tikz@lastmovetoy=\dimen270
\tikzleveldistance=\dimen271
\tikzsiblingdistance=\dimen272
\tikz@figbox=\box60
\tikz@figbox@bg=\box61
\tikz@tempbox=\box62
\tikz@tempbox@bg=\box63
\tikztreelevel=\count325
\tikznumberofchildren=\count326
\tikznumberofcurrentchild=\count327
\tikz@fig@count=\count328
(/Users/shilaan/Library/TinyTeX/texmf-dist/tex/generic/pgf/modules/pgfmodulematrix.code.tex
File: pgfmodulematrix.code.tex 2021/05/15 v3.1.9a (3.1.9a)
\pgfmatrixcurrentrow=\count329
\pgfmatrixcurrentcolumn=\count330
\pgf@matrix@numberofcolumns=\count331
)
\tikz@expandcount=\count332
(/Users/shilaan/Library/TinyTeX/texmf-dist/tex/generic/pgf/frontendlayer/tikz/libraries/tikzlibrarytopaths.code.tex
File: tikzlibrarytopaths.code.tex 2021/05/15 v3.1.9a (3.1.9a)
))) (/Users/shilaan/Library/TinyTeX/texmf-dist/tex/generic/pgf/frontendlayer/tikz/libraries/tikzlibrarysvg.path.code.tex
File: tikzlibrarysvg.path.code.tex 2021/05/15 v3.1.9a (3.1.9a)
(/Users/shilaan/Library/TinyTeX/texmf-dist/tex/generic/pgf/libraries/pgflibrarysvg.path.code.tex
File: pgflibrarysvg.path.code.tex 2021/05/15 v3.1.9a (3.1.9a)
(/Users/shilaan/Library/TinyTeX/texmf-dist/tex/generic/pgf/modules/pgfmoduleparser.code.tex
File: pgfmoduleparser.code.tex 2021/05/15 v3.1.9a (3.1.9a)
\pgfparserdef@arg@count=\count333
)
\pgf@lib@svg@last@x=\dimen273
\pgf@lib@svg@last@y=\dimen274
\pgf@lib@svg@last@c@x=\dimen275
\pgf@lib@svg@last@c@y=\dimen276
\pgf@lib@svg@count=\count334
\pgf@lib@svg@max@num=\count335
))
\@curXheight=\skip64
) (/Users/shilaan/Library/TinyTeX/texmf-dist/tex/latex/l3backend/l3backend-pdftex.def
File: l3backend-pdftex.def 2022-04-20 L3 backend support: PDF output (pdfTeX)
\l__color_backend_stack_int=\count336
\l__pdf_internal_box=\box64
) (./shilaan.aux)
\openout1 = `shilaan.aux'.

LaTeX Font Info:    Checking defaults for OML/cmm/m/it on input line 123.
LaTeX Font Info:    ... okay on input line 123.
LaTeX Font Info:    Checking defaults for OMS/cmsy/m/n on input line 123.
LaTeX Font Info:    ... okay on input line 123.
LaTeX Font Info:    Checking defaults for OT1/cmr/m/n on input line 123.
LaTeX Font Info:    ... okay on input line 123.
LaTeX Font Info:    Checking defaults for T1/cmr/m/n on input line 123.
LaTeX Font Info:    ... okay on input line 123.
LaTeX Font Info:    Checking defaults for TS1/cmr/m/n on input line 123.
LaTeX Font Info:    ... okay on input line 123.
LaTeX Font Info:    Checking defaults for OMX/cmex/m/n on input line 123.
LaTeX Font Info:    ... okay on input line 123.
LaTeX Font Info:    Checking defaults for U/cmr/m/n on input line 123.
LaTeX Font Info:    ... okay on input line 123.
LaTeX Font Info:    Checking defaults for PD1/pdf/m/n on input line 123.
LaTeX Font Info:    ... okay on input line 123.
LaTeX Font Info:    Checking defaults for PU/pdf/m/n on input line 123.
LaTeX Font Info:    ... okay on input line 123.
*geometry* driver: auto-detecting
*geometry* detected driver: pdftex
*geometry* verbose mode - [ preamble ] result:
* driver: pdftex
* paper: <default>
* layout: <same size as paper>
* layoutoffset:(h,v)=(0.0pt,0.0pt)
* modes: 
* h-part:(L,W,R)=(39.74872pt, 534.79756pt, 39.74872pt)
* v-part:(T,H,B)=(39.74872pt, 715.47255pt, 39.74872pt)
* \paperwidth=614.295pt
* \paperheight=794.96999pt
* \textwidth=534.79756pt
* \textheight=715.47255pt
* \oddsidemargin=-32.52127pt
* \evensidemargin=-32.52127pt
* \topmargin=-69.52127pt
* \headheight=12.0pt
* \headsep=25.0pt
* \topskip=11.0pt
* \footskip=30.0pt
* \marginparwidth=59.0pt
* \marginparsep=10.0pt
* \columnsep=10.0pt
* \skip\footins=10.0pt plus 4.0pt minus 2.0pt
* \hoffset=0.0pt
* \voffset=0.0pt
* \mag=1000
* \@twocolumnfalse
* \@twosidefalse
* \@mparswitchfalse
* \@reversemarginfalse
* (1in=72.27pt=25.4mm, 1cm=28.453pt)

(/Users/shilaan/Library/TinyTeX/texmf-dist/tex/latex/epstopdf-pkg/epstopdf-base.sty
Package: epstopdf-base 2020-01-24 v2.11 Base part for package epstopdf
Package epstopdf-base Info: Redefining graphics rule for `.eps' on input line 485.
(/Users/shilaan/Library/TinyTeX/texmf-dist/tex/latex/latexconfig/epstopdf-sys.cfg
File: epstopdf-sys.cfg 2010/07/13 v1.3 Configuration of (r)epstopdf for TeX Live
))
Package lastpage Info: Please have a look at the pageslts package at
(lastpage)             https://www.ctan.org/pkg/pageslts
(lastpage)             ! on input line 123.
Package hyperref Info: Link coloring ON on input line 123.
(./shilaan.out) (./shilaan.out)
\@outlinefile=\write4
\openout4 = `shilaan.out'.

(/Users/shilaan/Library/TinyTeX/texmf-dist/tex/latex/fmtcount/fc-english.def
File: fc-english.def 2016/01/12
)
LaTeX Font Info:    Trying to load font information for U+fontawesometwo on input line 136.
(/Users/shilaan/Library/TinyTeX/texmf-dist/tex/latex/fontawesome/ufontawesometwo.fd
File: ufontawesometwo.fd 2016/05/22 Font definitions for U/fontawesometwo.
)
LaTeX Font Info:    Trying to load font information for T1+cmtt on input line 136.
(/Users/shilaan/Library/TinyTeX/texmf-dist/tex/latex/base/t1cmtt.fd
File: t1cmtt.fd 2019/12/16 v2.5j Standard LaTeX font definitions
)
LaTeX Font Info:    Trying to load font information for OT1+pplx on input line 136.
(/Users/shilaan/Library/TinyTeX/texmf-dist/tex/latex/psnfss/ot1pplx.fd
File: ot1pplx.fd 2004/09/06 font definitions for OT1/pplx.
)
LaTeX Font Info:    Trying to load font information for OML+zplm on input line 136.
(/Users/shilaan/Library/TinyTeX/texmf-dist/tex/latex/psnfss/omlzplm.fd
File: omlzplm.fd 2002/09/08 Fontinst v1.914 font definitions for OML/zplm.
)
LaTeX Font Info:    Trying to load font information for OMS+zplm on input line 136.
(/Users/shilaan/Library/TinyTeX/texmf-dist/tex/latex/psnfss/omszplm.fd
File: omszplm.fd 2002/09/08 Fontinst v1.914 font definitions for OMS/zplm.
)
LaTeX Font Info:    Trying to load font information for OMX+zplm on input line 136.
(/Users/shilaan/Library/TinyTeX/texmf-dist/tex/latex/psnfss/omxzplm.fd
File: omxzplm.fd 2002/09/08 Fontinst v1.914 font definitions for OMX/zplm.
)
LaTeX Font Info:    Trying to load font information for OT1+zplm on input line 136.
(/Users/shilaan/Library/TinyTeX/texmf-dist/tex/latex/psnfss/ot1zplm.fd
File: ot1zplm.fd 2002/09/08 Fontinst v1.914 font definitions for OT1/zplm.
)
LaTeX Font Info:    Font shape `U/msa/m/n' will be
(Font)              scaled to size 11.40997pt on input line 136.
LaTeX Font Info:    Font shape `U/msa/m/n' will be
(Font)              scaled to size 8.33606pt on input line 136.
LaTeX Font Info:    Font shape `U/msa/m/n' will be
(Font)              scaled to size 6.25204pt on input line 136.
LaTeX Font Info:    Font shape `U/msb/m/n' will be
(Font)              scaled to size 11.40997pt on input line 136.
LaTeX Font Info:    Font shape `U/msb/m/n' will be
(Font)              scaled to size 8.33606pt on input line 136.
LaTeX Font Info:    Font shape `U/msb/m/n' will be
(Font)              scaled to size 6.25204pt on input line 136.
LaTeX Font Info:    Trying to load font information for U+fontawesomethree on input line 136.
(/Users/shilaan/Library/TinyTeX/texmf-dist/tex/latex/fontawesome/ufontawesomethree.fd
File: ufontawesomethree.fd 2016/05/22 Font definitions for U/fontawesomethree.
) [1

{/Users/shilaan/Library/TinyTeX/texmf-var/fonts/map/pdftex/updmap/pdftex.map}]
<shilaan_files/figure-latex/fa-icon-192d64b2060720679fdad812708ee0fa.pdf, id=107, 321.2pt x 256.96pt>
File: shilaan_files/figure-latex/fa-icon-192d64b2060720679fdad812708ee0fa.pdf Graphic file (type pdf)
<use shilaan_files/figure-latex/fa-icon-192d64b2060720679fdad812708ee0fa.pdf>
Package pdftex.def Info: shilaan_files/figure-latex/fa-icon-192d64b2060720679fdad812708ee0fa.pdf  used on input line 286.
(pdftex.def)             Requested size: 13.6839pt x 10.94711pt.
<shilaan_files/figure-latex/fa-icon-f5165447c8ac76ddcafc42bcb41930b6.pdf, id=109, 289.08pt x 256.96pt>
File: shilaan_files/figure-latex/fa-icon-f5165447c8ac76ddcafc42bcb41930b6.pdf Graphic file (type pdf)
<use shilaan_files/figure-latex/fa-icon-f5165447c8ac76ddcafc42bcb41930b6.pdf>
Package pdftex.def Info: shilaan_files/figure-latex/fa-icon-f5165447c8ac76ddcafc42bcb41930b6.pdf  used on input line 292.
(pdftex.def)             Requested size: 12.26257pt x 10.90007pt.
File: shilaan_files/figure-latex/fa-icon-192d64b2060720679fdad812708ee0fa.pdf Graphic file (type pdf)
<use shilaan_files/figure-latex/fa-icon-192d64b2060720679fdad812708ee0fa.pdf>
Package pdftex.def Info: shilaan_files/figure-latex/fa-icon-192d64b2060720679fdad812708ee0fa.pdf  used on input line 293.
(pdftex.def)             Requested size: 13.6839pt x 10.94711pt.
File: shilaan_files/figure-latex/fa-icon-f5165447c8ac76ddcafc42bcb41930b6.pdf Graphic file (type pdf)
<use shilaan_files/figure-latex/fa-icon-f5165447c8ac76ddcafc42bcb41930b6.pdf>
Package pdftex.def Info: shilaan_files/figure-latex/fa-icon-f5165447c8ac76ddcafc42bcb41930b6.pdf  used on input line 298.
(pdftex.def)             Requested size: 12.26257pt x 10.90007pt.
File: shilaan_files/figure-latex/fa-icon-192d64b2060720679fdad812708ee0fa.pdf Graphic file (type pdf)
<use shilaan_files/figure-latex/fa-icon-192d64b2060720679fdad812708ee0fa.pdf>
Package pdftex.def Info: shilaan_files/figure-latex/fa-icon-192d64b2060720679fdad812708ee0fa.pdf  used on input line 299.
(pdftex.def)             Requested size: 13.6839pt x 10.94711pt.
File: shilaan_files/figure-latex/fa-icon-f5165447c8ac76ddcafc42bcb41930b6.pdf Graphic file (type pdf)
<use shilaan_files/figure-latex/fa-icon-f5165447c8ac76ddcafc42bcb41930b6.pdf>
Package pdftex.def Info: shilaan_files/figure-latex/fa-icon-f5165447c8ac76ddcafc42bcb41930b6.pdf  used on input line 304.
(pdftex.def)             Requested size: 12.26257pt x 10.90007pt.
File: shilaan_files/figure-latex/fa-icon-192d64b2060720679fdad812708ee0fa.pdf Graphic file (type pdf)
<use shilaan_files/figure-latex/fa-icon-192d64b2060720679fdad812708ee0fa.pdf>
Package pdftex.def Info: shilaan_files/figure-latex/fa-icon-192d64b2060720679fdad812708ee0fa.pdf  used on input line 305.
(pdftex.def)             Requested size: 13.6839pt x 10.94711pt.
File: shilaan_files/figure-latex/fa-icon-192d64b2060720679fdad812708ee0fa.pdf Graphic file (type pdf)
<use shilaan_files/figure-latex/fa-icon-192d64b2060720679fdad812708ee0fa.pdf>
Package pdftex.def Info: shilaan_files/figure-latex/fa-icon-192d64b2060720679fdad812708ee0fa.pdf  used on input line 321.
(pdftex.def)             Requested size: 13.6839pt x 10.94711pt.
<shilaan_files/figure-latex/fa-icon-faa37d6819e8831b56c25beffda0f6b9.pdf, id=117, 248.93pt x 256.96pt>
File: shilaan_files/figure-latex/fa-icon-faa37d6819e8831b56c25beffda0f6b9.pdf Graphic file (type pdf)
<use shilaan_files/figure-latex/fa-icon-faa37d6819e8831b56c25beffda0f6b9.pdf>
Package pdftex.def Info: shilaan_files/figure-latex/fa-icon-faa37d6819e8831b56c25beffda0f6b9.pdf  used on input line 322.
(pdftex.def)             Requested size: 10.60501pt x 10.94711pt.
File: shilaan_files/figure-latex/fa-icon-f5165447c8ac76ddcafc42bcb41930b6.pdf Graphic file (type pdf)
<use shilaan_files/figure-latex/fa-icon-f5165447c8ac76ddcafc42bcb41930b6.pdf>
Package pdftex.def Info: shilaan_files/figure-latex/fa-icon-f5165447c8ac76ddcafc42bcb41930b6.pdf  used on input line 327.
(pdftex.def)             Requested size: 12.26257pt x 10.90007pt.
File: shilaan_files/figure-latex/fa-icon-192d64b2060720679fdad812708ee0fa.pdf Graphic file (type pdf)
<use shilaan_files/figure-latex/fa-icon-192d64b2060720679fdad812708ee0fa.pdf>
Package pdftex.def Info: shilaan_files/figure-latex/fa-icon-192d64b2060720679fdad812708ee0fa.pdf  used on input line 328.
(pdftex.def)             Requested size: 13.6839pt x 10.94711pt.
File: shilaan_files/figure-latex/fa-icon-faa37d6819e8831b56c25beffda0f6b9.pdf Graphic file (type pdf)
<use shilaan_files/figure-latex/fa-icon-faa37d6819e8831b56c25beffda0f6b9.pdf>
Package pdftex.def Info: shilaan_files/figure-latex/fa-icon-faa37d6819e8831b56c25beffda0f6b9.pdf  used on input line 329.
(pdftex.def)             Requested size: 10.60501pt x 10.94711pt.
File: shilaan_files/figure-latex/fa-icon-192d64b2060720679fdad812708ee0fa.pdf Graphic file (type pdf)
<use shilaan_files/figure-latex/fa-icon-192d64b2060720679fdad812708ee0fa.pdf>
Package pdftex.def Info: shilaan_files/figure-latex/fa-icon-192d64b2060720679fdad812708ee0fa.pdf  used on input line 334.
(pdftex.def)             Requested size: 13.6839pt x 10.94711pt.
[2 <./shilaan_files/figure-latex/fa-icon-192d64b2060720679fdad812708ee0fa.pdf> <./shilaan_files/figure-latex/fa-icon-f5165447c8ac76ddcafc42bcb41930b6.pdf

pdfTeX warning: pdflatex (file ./shilaan_files/figure-latex/fa-icon-f5165447c8ac76ddcafc42bcb41930b6.pdf): PDF inclusion: multiple pdfs with page group included in a single page
> <./shilaan_files/figure-latex/fa-icon-faa37d6819e8831b56c25beffda0f6b9.pdf

pdfTeX warning: pdflatex (file ./shilaan_files/figure-latex/fa-icon-faa37d6819e8831b56c25beffda0f6b9.pdf): PDF inclusion: multiple pdfs with page group included in a single page
>]
File: shilaan_files/figure-latex/fa-icon-192d64b2060720679fdad812708ee0fa.pdf Graphic file (type pdf)
<use shilaan_files/figure-latex/fa-icon-192d64b2060720679fdad812708ee0fa.pdf>
Package pdftex.def Info: shilaan_files/figure-latex/fa-icon-192d64b2060720679fdad812708ee0fa.pdf  used on input line 339.
(pdftex.def)             Requested size: 13.6839pt x 10.94711pt.
File: shilaan_files/figure-latex/fa-icon-f5165447c8ac76ddcafc42bcb41930b6.pdf Graphic file (type pdf)
<use shilaan_files/figure-latex/fa-icon-f5165447c8ac76ddcafc42bcb41930b6.pdf>
Package pdftex.def Info: shilaan_files/figure-latex/fa-icon-f5165447c8ac76ddcafc42bcb41930b6.pdf  used on input line 345.
(pdftex.def)             Requested size: 12.26257pt x 10.90007pt.
File: shilaan_files/figure-latex/fa-icon-192d64b2060720679fdad812708ee0fa.pdf Graphic file (type pdf)
<use shilaan_files/figure-latex/fa-icon-192d64b2060720679fdad812708ee0fa.pdf>
Package pdftex.def Info: shilaan_files/figure-latex/fa-icon-192d64b2060720679fdad812708ee0fa.pdf  used on input line 346.
(pdftex.def)             Requested size: 13.6839pt x 10.94711pt.
File: shilaan_files/figure-latex/fa-icon-192d64b2060720679fdad812708ee0fa.pdf Graphic file (type pdf)
<use shilaan_files/figure-latex/fa-icon-192d64b2060720679fdad812708ee0fa.pdf>
Package pdftex.def Info: shilaan_files/figure-latex/fa-icon-192d64b2060720679fdad812708ee0fa.pdf  used on input line 351.
(pdftex.def)             Requested size: 13.6839pt x 10.94711pt.
File: shilaan_files/figure-latex/fa-icon-faa37d6819e8831b56c25beffda0f6b9.pdf Graphic file (type pdf)
<use shilaan_files/figure-latex/fa-icon-faa37d6819e8831b56c25beffda0f6b9.pdf>
Package pdftex.def Info: shilaan_files/figure-latex/fa-icon-faa37d6819e8831b56c25beffda0f6b9.pdf  used on input line 352.
(pdftex.def)             Requested size: 10.60501pt x 10.94711pt.
File: shilaan_files/figure-latex/fa-icon-192d64b2060720679fdad812708ee0fa.pdf Graphic file (type pdf)
<use shilaan_files/figure-latex/fa-icon-192d64b2060720679fdad812708ee0fa.pdf>
Package pdftex.def Info: shilaan_files/figure-latex/fa-icon-192d64b2060720679fdad812708ee0fa.pdf  used on input line 362.
(pdftex.def)             Requested size: 13.6839pt x 10.94711pt.
File: shilaan_files/figure-latex/fa-icon-faa37d6819e8831b56c25beffda0f6b9.pdf Graphic file (type pdf)
<use shilaan_files/figure-latex/fa-icon-faa37d6819e8831b56c25beffda0f6b9.pdf>
Package pdftex.def Info: shilaan_files/figure-latex/fa-icon-faa37d6819e8831b56c25beffda0f6b9.pdf  used on input line 363.
(pdftex.def)             Requested size: 10.60501pt x 10.94711pt.
File: shilaan_files/figure-latex/fa-icon-192d64b2060720679fdad812708ee0fa.pdf Graphic file (type pdf)
<use shilaan_files/figure-latex/fa-icon-192d64b2060720679fdad812708ee0fa.pdf>
Package pdftex.def Info: shilaan_files/figure-latex/fa-icon-192d64b2060720679fdad812708ee0fa.pdf  used on input line 368.
(pdftex.def)             Requested size: 13.6839pt x 10.94711pt.
File: shilaan_files/figure-latex/fa-icon-faa37d6819e8831b56c25beffda0f6b9.pdf Graphic file (type pdf)
<use shilaan_files/figure-latex/fa-icon-faa37d6819e8831b56c25beffda0f6b9.pdf>
Package pdftex.def Info: shilaan_files/figure-latex/fa-icon-faa37d6819e8831b56c25beffda0f6b9.pdf  used on input line 369.
(pdftex.def)             Requested size: 10.60501pt x 10.94711pt.
File: shilaan_files/figure-latex/fa-icon-faa37d6819e8831b56c25beffda0f6b9.pdf Graphic file (type pdf)
<use shilaan_files/figure-latex/fa-icon-faa37d6819e8831b56c25beffda0f6b9.pdf>
Package pdftex.def Info: shilaan_files/figure-latex/fa-icon-faa37d6819e8831b56c25beffda0f6b9.pdf  used on input line 401.
(pdftex.def)             Requested size: 10.60501pt x 10.94711pt.
File: shilaan_files/figure-latex/fa-icon-f5165447c8ac76ddcafc42bcb41930b6.pdf Graphic file (type pdf)
<use shilaan_files/figure-latex/fa-icon-f5165447c8ac76ddcafc42bcb41930b6.pdf>
Package pdftex.def Info: shilaan_files/figure-latex/fa-icon-f5165447c8ac76ddcafc42bcb41930b6.pdf  used on input line 402.
(pdftex.def)             Requested size: 12.26257pt x 10.90007pt.
[3] 
AED: lastpage setting LastPage
[4] (./shilaan.aux)
Package rerunfilecheck Info: File `shilaan.out' has not changed.
(rerunfilecheck)             Checksum: 90D29CD8FB6A9C665C915453A51A2D0C;2507.
 ) 
Here is how much of TeX's memory you used:
 24440 strings out of 480260
 452963 string characters out of 5893504
 724980 words of memory out of 5000000
 41859 multiletter control sequences out of 15000+600000
 506234 words of font info for 83 fonts, out of 8000000 for 9000
 14 hyphenation exceptions out of 8191
 99i,12n,103p,1196b,415s stack positions out of 10000i,1000n,20000p,200000b,200000s
{/Users/shilaan/Library/TinyTeX/texmf-dist/fonts/enc/dvips/base/8r.enc}{/Users/shilaan/Library/TinyTeX/texmf-dist/fonts/enc/dvips/fontawesome/fontawesomethree.enc} </Users/shilaan/Library/TinyTeX/texmf-var/fonts/pk/ljfour/jknappen/ec/ectt1095.600pk>{/Users/shilaan/Library/TinyTeX/texmf-dist/fonts/enc/dvips/fontawesome/fontawesometwo.enc}</Users/shilaan/Library/TinyTeX/texmf-dist/fonts/type1/public/fontawesome/FontAwesome.pfb></Users/shilaan/Library/TinyTeX/texmf-dist/fonts/type1/public/fpl/fplrc8a.pfb></Users/shilaan/Library/TinyTeX/texmf-dist/fonts/type1/public/fpl/fplrij8a.pfb></Users/shilaan/Library/TinyTeX/texmf-dist/fonts/type1/urw/palatino/uplb8a.pfb></Users/shilaan/Library/TinyTeX/texmf-dist/fonts/type1/urw/palatino/uplr8a.pfb></Users/shilaan/Library/TinyTeX/texmf-dist/fonts/type1/urw/palatino/uplri8a.pfb>
Output written on shilaan.pdf (4 pages, 122965 bytes).
PDF statistics:
 230 PDF objects out of 1000 (max. 8388607)
 184 compressed objects within 2 object streams
 39 named destinations out of 1000 (max. 500000)
 164 words of extra memory for PDF output out of 10000 (max. 10000000)

